<?xml version="1.0" encoding="UTF-8"?>
<testng-results skipped="0" failed="0" total="3" passed="3">
  <reporter-output>
  </reporter-output>
  <suite name="Suite1" duration-ms="24931" started-at="2020-04-28T15:08:46Z" finished-at="2020-04-28T15:09:11Z">
    <groups>
    </groups>
    <test name="Test1" duration-ms="24931" started-at="2020-04-28T15:08:46Z" finished-at="2020-04-28T15:09:11Z">
      <class name="Test.Extenrreporttestng">
        <test-method status="PASS" signature="setup()[pri:0, instance:Test.Extenrreporttestng@1d057a39]" name="setup" is-config="true" duration-ms="625" started-at="2020-04-28T20:38:45Z" finished-at="2020-04-28T20:38:46Z">
          <reporter-output>
          </reporter-output>
        </test-method> <!-- setup -->
        <test-method status="PASS" signature="Test1()[pri:0, instance:Test.Extenrreporttestng@1d057a39]" name="Test1" duration-ms="182" started-at="2020-04-28T20:38:58Z" finished-at="2020-04-28T20:38:58Z">
          <reporter-output>
          </reporter-output>
        </test-method> <!-- Test1 -->
        <test-method status="PASS" signature="Test2()[pri:0, instance:Test.Extenrreporttestng@1d057a39]" name="Test2" duration-ms="7" started-at="2020-04-28T20:38:58Z" finished-at="2020-04-28T20:38:58Z">
          <reporter-output>
          </reporter-output>
        </test-method> <!-- Test2 -->
        <test-method status="PASS" signature="teardown()[pri:0, instance:Test.Extenrreporttestng@1d057a39]" name="teardown" is-config="true" duration-ms="1249" started-at="2020-04-28T20:39:11Z" finished-at="2020-04-28T20:39:12Z">
          <reporter-output>
          </reporter-output>
        </test-method> <!-- teardown -->
      </class> <!-- Test.Extenrreporttestng -->
      <class name="Test.testng_GoogleSearchTest">
        <test-method status="PASS" signature="setuptestng()[pri:0, instance:Test.testng_GoogleSearchTest@482f8f11]" name="setuptestng" is-config="true" duration-ms="11740" started-at="2020-04-28T20:38:46Z" finished-at="2020-04-28T20:38:58Z">
          <reporter-output>
          </reporter-output>
        </test-method> <!-- setuptestng -->
        <test-method status="PASS" signature="googlesearch()[pri:0, instance:Test.testng_GoogleSearchTest@482f8f11]" name="googlesearch" duration-ms="10266" started-at="2020-04-28T20:38:58Z" finished-at="2020-04-28T20:39:08Z">
          <reporter-output>
          </reporter-output>
        </test-method> <!-- googlesearch -->
        <test-method status="PASS" signature="teardowntest()[pri:0, instance:Test.testng_GoogleSearchTest@482f8f11]" name="teardowntest" is-config="true" duration-ms="2602" started-at="2020-04-28T20:39:08Z" finished-at="2020-04-28T20:39:11Z">
          <reporter-output>
          </reporter-output>
        </test-method> <!-- teardowntest -->
      </class> <!-- Test.testng_GoogleSearchTest -->
    </test> <!-- Test1 -->
  </suite> <!-- Suite1 -->
</testng-results>
